# JRE version: Java(TM) SE Runtime Environment (8.0_131-b11) (build 1.8.0_131-b11)
# Java VM: Java HotSpot(TM) 64-Bit Server VM (25.131-b11 mixed mode windows-amd64 compressed oops)
Heap:
 PSYoungGen      total 120320K, used 18903K [0x00000000d5580000, 0x00000000dd880000, 0x0000000100000000)
  eden space 109568K, 17% used [0x00000000d5580000,0x00000000d67f5fa8,0x00000000dc080000)
  from space 10752K, 0% used [0x00000000dcd80000,0x00000000dcd80000,0x00000000dd800000)
  to   space 12288K, 73% used [0x00000000dc080000,0x00000000dc95d7a8,0x00000000dcc80000)
 ParOldGen       total 73216K, used 72717K [0x0000000080000000, 0x0000000084780000, 0x00000000d5580000)
  object space 73216K, 99% used [0x0000000080000000,0x00000000847036f8,0x0000000084780000)
 Metaspace       used 68103K, capacity 70040K, committed 70784K, reserved 1110016K
  class space    used 9261K, capacity 9715K, committed 9856K, reserved 1048576K
GC Heap History (10 events):
Event: 20.215 GC heap before
{Heap before GC invocations=17 (full 3):
 PSYoungGen      total 120320K, used 8298K [0x00000000d5580000, 0x00000000dd880000, 0x0000000100000000)
  eden space 109568K, 0% used [0x00000000d5580000,0x00000000d5580000,0x00000000dc080000)
  from space 10752K, 77% used [0x00000000dcd80000,0x00000000dd59a868,0x00000000dd800000)
  to   space 12288K, 0% used [0x00000000dc080000,0x00000000dc080000,0x00000000dcc80000)
 ParOldGen       total 71168K, used 27372K [0x0000000080000000, 0x0000000084580000, 0x00000000d5580000)
  object space 71168K, 38% used [0x0000000080000000,0x0000000081abb3e0,0x0000000084580000)
 Metaspace       used 57332K, capacity 58884K, committed 59028K, reserved 1099776K
  class space    used 7970K, capacity 8341K, committed 8448K, reserved 1048576K
Event: 20.465 GC heap after
Heap after GC invocations=17 (full 3):
 PSYoungGen      total 120320K, used 0K [0x00000000d5580000, 0x00000000dd880000, 0x0000000100000000)
  eden space 109568K, 0% used [0x00000000d5580000,0x00000000d5580000,0x00000000dc080000)
  from space 10752K, 0% used [0x00000000dcd80000,0x00000000dcd80000,0x00000000dd800000)
  to   space 12288K, 0% used [0x00000000dc080000,0x00000000dc080000,0x00000000dcc80000)
 ParOldGen       total 71168K, used 32349K [0x0000000080000000, 0x0000000084580000, 0x00000000d5580000)
  object space 71168K, 45% used [0x0000000080000000,0x0000000081f976e0,0x0000000084580000)
 Metaspace       used 57332K, capacity 58884K, committed 59028K, reserved 1099776K
  class space    used 7970K, capacity 8341K, committed 8448K, reserved 1048576K
}
Event: 24.710 GC heap before
{Heap before GC invocations=18 (full 3):
 PSYoungGen      total 120320K, used 109568K [0x00000000d5580000, 0x00000000dd880000, 0x0000000100000000)
  eden space 109568K, 100% used [0x00000000d5580000,0x00000000dc080000,0x00000000dc080000)
  from space 10752K, 0% used [0x00000000dcd80000,0x00000000dcd80000,0x00000000dd800000)
  to   space 12288K, 0% used [0x00000000dc080000,0x00000000dc080000,0x00000000dcc80000)
 ParOldGen       total 71168K, used 32349K [0x0000000080000000, 0x0000000084580000, 0x00000000d5580000)
  object space 71168K, 45% used [0x0000000080000000,0x0000000081f976e0,0x0000000084580000)
 Metaspace       used 60181K, capacity 62390K, committed 62720K, reserved 1103872K
  class space    used 8395K, capacity 8878K, committed 8960K, reserved 1048576K
Event: 24.719 GC heap after
Heap after GC invocations=18 (full 3):
 PSYoungGen      total 121856K, used 9224K [0x00000000d5580000, 0x00000000dd880000, 0x0000000100000000)
  eden space 109568K, 0% used [0x00000000d5580000,0x00000000d5580000,0x00000000dc080000)
  from space 12288K, 75% used [0x00000000dc080000,0x00000000dc982058,0x00000000dcc80000)
  to   space 10752K, 0% used [0x00000000dcd80000,0x00000000dcd80000,0x00000000dd800000)
 ParOldGen       total 71168K, used 32357K [0x0000000080000000, 0x0000000084580000, 0x00000000d5580000)
  object space 71168K, 45% used [0x0000000080000000,0x0000000081f996e0,0x0000000084580000)
 Metaspace       used 60181K, capacity 62390K, committed 62720K, reserved 1103872K
  class space    used 8395K, capacity 8878K, committed 8960K, reserved 1048576K
}
Event: 35.708 GC heap before
{Heap before GC invocations=19 (full 3):
 PSYoungGen      total 121856K, used 118792K [0x00000000d5580000, 0x00000000dd880000, 0x0000000100000000)
  eden space 109568K, 100% used [0x00000000d5580000,0x00000000dc080000,0x00000000dc080000)
  from space 12288K, 75% used [0x00000000dc080000,0x00000000dc982058,0x00000000dcc80000)
  to   space 10752K, 0% used [0x00000000dcd80000,0x00000000dcd80000,0x00000000dd800000)
 ParOldGen       total 71168K, used 32357K [0x0000000080000000, 0x0000000084580000, 0x00000000d5580000)
  object space 71168K, 45% used [0x0000000080000000,0x0000000081f996e0,0x0000000084580000)
 Metaspace       used 65463K, capacity 67814K, committed 67968K, reserved 1107968K
  class space    used 9068K, capacity 9572K, committed 9600K, reserved 1048576K
Event: 35.732 GC heap after
Heap after GC invocations=19 (full 3):
 PSYoungGen      total 120320K, used 10746K [0x00000000d5580000, 0x00000000dd880000, 0x0000000100000000)
  eden space 109568K, 0% used [0x00000000d5580000,0x00000000d5580000,0x00000000dc080000)
  from space 10752K, 99% used [0x00000000dcd80000,0x00000000dd7fe9a8,0x00000000dd800000)
  to   space 12288K, 0% used [0x00000000dc080000,0x00000000dc080000,0x00000000dcc80000)
 ParOldGen       total 71168K, used 51346K [0x0000000080000000, 0x0000000084580000, 0x00000000d5580000)
  object space 71168K, 72% used [0x0000000080000000,0x0000000083224930,0x0000000084580000)
 Metaspace       used 65463K, capacity 67814K, committed 67968K, reserved 1107968K
  class space    used 9068K, capacity 9572K, committed 9600K, reserved 1048576K
}
Event: 44.097 GC heap before
{Heap before GC invocations=20 (full 3):
 PSYoungGen      total 120320K, used 120314K [0x00000000d5580000, 0x00000000dd880000, 0x0000000100000000)
  eden space 109568K, 100% used [0x00000000d5580000,0x00000000dc080000,0x00000000dc080000)
  from space 10752K, 99% used [0x00000000dcd80000,0x00000000dd7fe9a8,0x00000000dd800000)
  to   space 12288K, 0% used [0x00000000dc080000,0x00000000dc080000,0x00000000dcc80000)
 ParOldGen       total 71168K, used 51346K [0x0000000080000000, 0x0000000084580000, 0x00000000d5580000)
  object space 71168K, 72% used [0x0000000080000000,0x0000000083224930,0x0000000084580000)
 Metaspace       used 68297K, capacity 70584K, committed 70784K, reserved 1110016K
  class space    used 9329K, capacity 9831K, committed 9856K, reserved 1048576K
Event: 44.187 GC heap after
Heap after GC invocations=20 (full 3):
 PSYoungGen      total 120320K, used 120314K [0x00000000d5580000, 0x00000000dd880000, 0x0000000100000000)
  eden space 109568K, 100% used [0x00000000d5580000,0x00000000dc080000,0x00000000dc080000)
  from space 10752K, 99% used [0x00000000dcd80000,0x00000000dd7fe9a8,0x00000000dd800000)
  to   space 12288K, 99% used [0x00000000dc080000,0x00000000dcc79c70,0x00000000dcc80000)
 ParOldGen       total 73216K, used 73215K [0x0000000080000000, 0x0000000084780000, 0x00000000d5580000)
  object space 73216K, 99% used [0x0000000080000000,0x000000008477fdb0,0x0000000084780000)
 Metaspace       used 68297K, capacity 70584K, committed 70784K, reserved 1110016K
  class space    used 9329K, capacity 9831K, committed 9856K, reserved 1048576K
}
Event: 44.187 GC heap before
{Heap before GC invocations=21 (full 4):
 PSYoungGen      total 120320K, used 120314K [0x00000000d5580000, 0x00000000dd880000, 0x0000000100000000)
  eden space 109568K, 100% used [0x00000000d5580000,0x00000000dc080000,0x00000000dc080000)
  from space 10752K, 99% used [0x00000000dcd80000,0x00000000dd7fe9a8,0x00000000dd800000)
  to   space 12288K, 99% used [0x00000000dc080000,0x00000000dcc79c70,0x00000000dcc80000)
 ParOldGen       total 73216K, used 73215K [0x0000000080000000, 0x0000000084780000, 0x00000000d5580000)
  object space 73216K, 99% used [0x0000000080000000,0x000000008477fdb0,0x0000000084780000)
 Metaspace       used 68297K, capacity 70584K, committed 70784K, reserved 1110016K
  class space    used 9329K, capacity 9831K, committed 9856K, reserved 1048576K
Event: 44.640 GC heap after
Heap after GC invocations=21 (full 4):
 PSYoungGen      total 120320K, used 0K [0x00000000d5580000, 0x00000000dd880000, 0x0000000100000000)
  eden space 109568K, 0% used [0x00000000d5580000,0x00000000d5580000,0x00000000dc080000)
  from space 10752K, 0% used [0x00000000dcd80000,0x00000000dcd80000,0x00000000dd800000)
  to   space 12288K, 73% used [0x00000000dc080000,0x00000000dc95d7a8,0x00000000dcc80000)
 ParOldGen       total 73216K, used 72717K [0x0000000080000000, 0x0000000084780000, 0x00000000d5580000)
  object space 73216K, 99% used [0x0000000080000000,0x00000000847036f8,0x0000000084780000)
 Metaspace       used 68082K, capacity 69976K, committed 70784K, reserved 1110016K
  class space    used 9261K, capacity 9715K, committed 9856K, reserved 1048576K
}

