# JRE version: Java(TM) SE Runtime Environment (8.0_131-b11) (build 1.8.0_131-b11)
# Java VM: Java HotSpot(TM) 64-Bit Server VM (25.131-b11 mixed mode windows-amd64 compressed oops)
Heap:
 PSYoungGen      total 109056K, used 4598K [0x00000000d5580000, 0x00000000de700000, 0x0000000100000000)
  eden space 81408K, 5% used [0x00000000d5580000,0x00000000d59fdab8,0x00000000da500000)
  from space 27648K, 0% used [0x00000000da500000,0x00000000da500000,0x00000000dc000000)
  to   space 27136K, 0% used [0x00000000dcc80000,0x00000000dcc80000,0x00000000de700000)
 ParOldGen       total 176640K, used 48854K [0x0000000080000000, 0x000000008ac80000, 0x00000000d5580000)
  object space 176640K, 27% used [0x0000000080000000,0x0000000082fb5a68,0x000000008ac80000)
 Metaspace       used 70145K, capacity 72046K, committed 72704K, reserved 1112064K
  class space    used 9402K, capacity 9854K, committed 9984K, reserved 1048576K
GC Heap History (10 events):
Event: 61.190 GC heap before
{Heap before GC invocations=26 (full 3):
 PSYoungGen      total 83456K, used 83445K [0x00000000d5580000, 0x00000000dcc00000, 0x0000000100000000)
  eden space 72704K, 100% used [0x00000000d5580000,0x00000000d9c80000,0x00000000d9c80000)
  from space 10752K, 99% used [0x00000000dae80000,0x00000000db8fd668,0x00000000db900000)
  to   space 18432K, 0% used [0x00000000d9c80000,0x00000000d9c80000,0x00000000dae80000)
 ParOldGen       total 98816K, used 46060K [0x0000000080000000, 0x0000000086080000, 0x00000000d5580000)
  object space 98816K, 46% used [0x0000000080000000,0x0000000082cfb1a8,0x0000000086080000)
 Metaspace       used 68111K, capacity 70306K, committed 70528K, reserved 1110016K
  class space    used 9309K, capacity 9806K, committed 9856K, reserved 1048576K
Event: 61.217 GC heap after
Heap after GC invocations=26 (full 3):
 PSYoungGen      total 91136K, used 18406K [0x00000000d5580000, 0x00000000dd880000, 0x0000000100000000)
  eden space 72704K, 0% used [0x00000000d5580000,0x00000000d5580000,0x00000000d9c80000)
  from space 18432K, 99% used [0x00000000d9c80000,0x00000000dae799b0,0x00000000dae80000)
  to   space 25088K, 0% used [0x00000000dc000000,0x00000000dc000000,0x00000000dd880000)
 ParOldGen       total 98816K, used 55645K [0x0000000080000000, 0x0000000086080000, 0x00000000d5580000)
  object space 98816K, 56% used [0x0000000080000000,0x0000000083657580,0x0000000086080000)
 Metaspace       used 68111K, capacity 70306K, committed 70528K, reserved 1110016K
  class space    used 9309K, capacity 9806K, committed 9856K, reserved 1048576K
}
Event: 61.738 GC heap before
{Heap before GC invocations=27 (full 3):
 PSYoungGen      total 91136K, used 91110K [0x00000000d5580000, 0x00000000dd880000, 0x0000000100000000)
  eden space 72704K, 100% used [0x00000000d5580000,0x00000000d9c80000,0x00000000d9c80000)
  from space 18432K, 99% used [0x00000000d9c80000,0x00000000dae799b0,0x00000000dae80000)
  to   space 25088K, 0% used [0x00000000dc000000,0x00000000dc000000,0x00000000dd880000)
 ParOldGen       total 98816K, used 55645K [0x0000000080000000, 0x0000000086080000, 0x00000000d5580000)
  object space 98816K, 56% used [0x0000000080000000,0x0000000083657580,0x0000000086080000)
 Metaspace       used 68344K, capacity 70498K, committed 70784K, reserved 1110016K
  class space    used 9312K, capacity 9806K, committed 9856K, reserved 1048576K
Event: 61.765 GC heap after
Heap after GC invocations=27 (full 3):
 PSYoungGen      total 106496K, used 21685K [0x00000000d5580000, 0x00000000de280000, 0x0000000100000000)
  eden space 81408K, 0% used [0x00000000d5580000,0x00000000d5580000,0x00000000da500000)
  from space 25088K, 86% used [0x00000000dc000000,0x00000000dd52d628,0x00000000dd880000)
  to   space 27648K, 0% used [0x00000000da500000,0x00000000da500000,0x00000000dc000000)
 ParOldGen       total 98816K, used 72129K [0x0000000080000000, 0x0000000086080000, 0x00000000d5580000)
  object space 98816K, 72% used [0x0000000080000000,0x00000000846705c0,0x0000000086080000)
 Metaspace       used 68344K, capacity 70498K, committed 70784K, reserved 1110016K
  class space    used 9312K, capacity 9806K, committed 9856K, reserved 1048576K
}
Event: 63.488 GC heap before
{Heap before GC invocations=28 (full 3):
 PSYoungGen      total 106496K, used 103093K [0x00000000d5580000, 0x00000000de280000, 0x0000000100000000)
  eden space 81408K, 100% used [0x00000000d5580000,0x00000000da500000,0x00000000da500000)
  from space 25088K, 86% used [0x00000000dc000000,0x00000000dd52d628,0x00000000dd880000)
  to   space 27648K, 0% used [0x00000000da500000,0x00000000da500000,0x00000000dc000000)
 ParOldGen       total 98816K, used 72129K [0x0000000080000000, 0x0000000086080000, 0x00000000d5580000)
  object space 98816K, 72% used [0x0000000080000000,0x00000000846705c0,0x0000000086080000)
 Metaspace       used 69821K, capacity 71970K, committed 72192K, reserved 1112064K
  class space    used 9419K, capacity 9934K, committed 9984K, reserved 1048576K
Event: 63.514 GC heap after
Heap after GC invocations=28 (full 3):
 PSYoungGen      total 109056K, used 13340K [0x00000000d5580000, 0x00000000de700000, 0x0000000100000000)
  eden space 81408K, 0% used [0x00000000d5580000,0x00000000d5580000,0x00000000da500000)
  from space 27648K, 48% used [0x00000000da500000,0x00000000db2072c0,0x00000000dc000000)
  to   space 27136K, 0% used [0x00000000dcc80000,0x00000000dcc80000,0x00000000de700000)
 ParOldGen       total 98816K, used 93016K [0x0000000080000000, 0x0000000086080000, 0x00000000d5580000)
  object space 98816K, 94% used [0x0000000080000000,0x0000000085ad61b8,0x0000000086080000)
 Metaspace       used 69821K, capacity 71970K, committed 72192K, reserved 1112064K
  class space    used 9419K, capacity 9934K, committed 9984K, reserved 1048576K
}
Event: 63.514 GC heap before
{Heap before GC invocations=29 (full 4):
 PSYoungGen      total 109056K, used 13340K [0x00000000d5580000, 0x00000000de700000, 0x0000000100000000)
  eden space 81408K, 0% used [0x00000000d5580000,0x00000000d5580000,0x00000000da500000)
  from space 27648K, 48% used [0x00000000da500000,0x00000000db2072c0,0x00000000dc000000)
  to   space 27136K, 0% used [0x00000000dcc80000,0x00000000dcc80000,0x00000000de700000)
 ParOldGen       total 98816K, used 93016K [0x0000000080000000, 0x0000000086080000, 0x00000000d5580000)
  object space 98816K, 94% used [0x0000000080000000,0x0000000085ad61b8,0x0000000086080000)
 Metaspace       used 69821K, capacity 71970K, committed 72192K, reserved 1112064K
  class space    used 9419K, capacity 9934K, committed 9984K, reserved 1048576K
Event: 64.135 GC heap after
Heap after GC invocations=29 (full 4):
 PSYoungGen      total 109056K, used 916K [0x00000000d5580000, 0x00000000de700000, 0x0000000100000000)
  eden space 81408K, 0% used [0x00000000d5580000,0x00000000d5580000,0x00000000da500000)
  from space 27648K, 3% used [0x00000000da500000,0x00000000da5e50c0,0x00000000dc000000)
  to   space 27136K, 0% used [0x00000000dcc80000,0x00000000dcc80000,0x00000000de700000)
 ParOldGen       total 98816K, used 98445K [0x0000000080000000, 0x0000000086080000, 0x00000000d5580000)
  object space 98816K, 99% used [0x0000000080000000,0x0000000086023768,0x0000000086080000)
 Metaspace       used 69656K, capacity 71528K, committed 72192K, reserved 1112064K
  class space    used 9367K, capacity 9843K, committed 9984K, reserved 1048576K
}
Event: 66.644 GC heap before
{Heap before GC invocations=30 (full 5):
 PSYoungGen      total 109056K, used 82324K [0x00000000d5580000, 0x00000000de700000, 0x0000000100000000)
  eden space 81408K, 100% used [0x00000000d5580000,0x00000000da500000,0x00000000da500000)
  from space 27648K, 3% used [0x00000000da500000,0x00000000da5e50c0,0x00000000dc000000)
  to   space 27136K, 0% used [0x00000000dcc80000,0x00000000dcc80000,0x00000000de700000)
 ParOldGen       total 98816K, used 98445K [0x0000000080000000, 0x0000000086080000, 0x00000000d5580000)
  object space 98816K, 99% used [0x0000000080000000,0x0000000086023768,0x0000000086080000)
 Metaspace       used 70110K, capacity 72038K, committed 72704K, reserved 1112064K
  class space    used 9400K, capacity 9854K, committed 9984K, reserved 1048576K
Event: 66.748 GC heap after
Heap after GC invocations=30 (full 5):
 PSYoungGen      total 109056K, used 0K [0x00000000d5580000, 0x00000000de700000, 0x0000000100000000)
  eden space 81408K, 0% used [0x00000000d5580000,0x00000000d5580000,0x00000000da500000)
  from space 27648K, 0% used [0x00000000da500000,0x00000000da500000,0x00000000dc000000)
  to   space 27136K, 0% used [0x00000000dcc80000,0x00000000dcc80000,0x00000000de700000)
 ParOldGen       total 176640K, used 48854K [0x0000000080000000, 0x000000008ac80000, 0x00000000d5580000)
  object space 176640K, 27% used [0x0000000080000000,0x0000000082fb5a68,0x000000008ac80000)
 Metaspace       used 70110K, capacity 72038K, committed 72704K, reserved 1112064K
  class space    used 9400K, capacity 9854K, committed 9984K, reserved 1048576K
}

