# JRE version: Java(TM) SE Runtime Environment (8.0_131-b11) (build 1.8.0_131-b11)
# Java VM: Java HotSpot(TM) 64-Bit Server VM (25.131-b11 mixed mode windows-amd64 compressed oops)
Heap:
 PSYoungGen      total 159232K, used 22561K [0x00000000d5580000, 0x00000000e0f80000, 0x0000000100000000)
  eden space 147968K, 7% used [0x00000000d5580000,0x00000000d608f930,0x00000000de600000)
  from space 11264K, 99% used [0x00000000e0480000,0x00000000e0f78de0,0x00000000e0f80000)
  to   space 13824K, 0% used [0x00000000df480000,0x00000000df480000,0x00000000e0200000)
 ParOldGen       total 56320K, used 20895K [0x0000000080000000, 0x0000000083700000, 0x00000000d5580000)
  object space 56320K, 37% used [0x0000000080000000,0x0000000081467ec8,0x0000000083700000)
 Metaspace       used 47076K, capacity 48186K, committed 48384K, reserved 1091584K
  class space    used 6491K, capacity 6816K, committed 6912K, reserved 1048576K
GC Heap History (10 events):
Event: 6.025 GC heap before
{Heap before GC invocations=8 (full 1):
 PSYoungGen      total 76288K, used 66560K [0x00000000d5580000, 0x00000000daa80000, 0x0000000100000000)
  eden space 66560K, 100% used [0x00000000d5580000,0x00000000d9680000,0x00000000d9680000)
  from space 9728K, 0% used [0x00000000da100000,0x00000000da100000,0x00000000daa80000)
  to   space 10240K, 0% used [0x00000000d9680000,0x00000000d9680000,0x00000000da080000)
 ParOldGen       total 56320K, used 10562K [0x0000000080000000, 0x0000000083700000, 0x00000000d5580000)
  object space 56320K, 18% used [0x0000000080000000,0x0000000080a509b0,0x0000000083700000)
 Metaspace       used 29155K, capacity 29732K, committed 30080K, reserved 1075200K
  class space    used 4035K, capacity 4198K, committed 4224K, reserved 1048576K
Event: 6.035 GC heap after
Heap after GC invocations=8 (full 1):
 PSYoungGen      total 76800K, used 8236K [0x00000000d5580000, 0x00000000ddd80000, 0x0000000100000000)
  eden space 66560K, 0% used [0x00000000d5580000,0x00000000d5580000,0x00000000d9680000)
  from space 10240K, 80% used [0x00000000d9680000,0x00000000d9e8b360,0x00000000da080000)
  to   space 10752K, 0% used [0x00000000dd300000,0x00000000dd300000,0x00000000ddd80000)
 ParOldGen       total 56320K, used 10570K [0x0000000080000000, 0x0000000083700000, 0x00000000d5580000)
  object space 56320K, 18% used [0x0000000080000000,0x0000000080a529b0,0x0000000083700000)
 Metaspace       used 29155K, capacity 29732K, committed 30080K, reserved 1075200K
  class space    used 4035K, capacity 4198K, committed 4224K, reserved 1048576K
}
Event: 6.544 GC heap before
{Heap before GC invocations=9 (full 1):
 PSYoungGen      total 76800K, used 74796K [0x00000000d5580000, 0x00000000ddd80000, 0x0000000100000000)
  eden space 66560K, 100% used [0x00000000d5580000,0x00000000d9680000,0x00000000d9680000)
  from space 10240K, 80% used [0x00000000d9680000,0x00000000d9e8b360,0x00000000da080000)
  to   space 10752K, 0% used [0x00000000dd300000,0x00000000dd300000,0x00000000ddd80000)
 ParOldGen       total 56320K, used 10570K [0x0000000080000000, 0x0000000083700000, 0x00000000d5580000)
  object space 56320K, 18% used [0x0000000080000000,0x0000000080a529b0,0x0000000083700000)
 Metaspace       used 32518K, capacity 33058K, committed 33280K, reserved 1077248K
  class space    used 4591K, capacity 4752K, committed 4864K, reserved 1048576K
Event: 6.552 GC heap after
Heap after GC invocations=9 (full 1):
 PSYoungGen      total 126464K, used 8878K [0x00000000d5580000, 0x00000000ddc80000, 0x0000000100000000)
  eden space 116736K, 0% used [0x00000000d5580000,0x00000000d5580000,0x00000000dc780000)
  from space 9728K, 91% used [0x00000000dd300000,0x00000000ddbab870,0x00000000ddc80000)
  to   space 10752K, 0% used [0x00000000dc780000,0x00000000dc780000,0x00000000dd200000)
 ParOldGen       total 56320K, used 10578K [0x0000000080000000, 0x0000000083700000, 0x00000000d5580000)
  object space 56320K, 18% used [0x0000000080000000,0x0000000080a549b0,0x0000000083700000)
 Metaspace       used 32518K, capacity 33058K, committed 33280K, reserved 1077248K
  class space    used 4591K, capacity 4752K, committed 4864K, reserved 1048576K
}
Event: 7.273 GC heap before
{Heap before GC invocations=10 (full 1):
 PSYoungGen      total 126464K, used 56307K [0x00000000d5580000, 0x00000000ddc80000, 0x0000000100000000)
  eden space 116736K, 40% used [0x00000000d5580000,0x00000000d83d1510,0x00000000dc780000)
  from space 9728K, 91% used [0x00000000dd300000,0x00000000ddbab870,0x00000000ddc80000)
  to   space 10752K, 0% used [0x00000000dc780000,0x00000000dc780000,0x00000000dd200000)
 ParOldGen       total 56320K, used 10578K [0x0000000080000000, 0x0000000083700000, 0x00000000d5580000)
  object space 56320K, 18% used [0x0000000080000000,0x0000000080a549b0,0x0000000083700000)
 Metaspace       used 34660K, capacity 35354K, committed 35416K, reserved 1079296K
  class space    used 4899K, capacity 5088K, committed 5120K, reserved 1048576K
Event: 7.282 GC heap after
Heap after GC invocations=10 (full 1):
 PSYoungGen      total 127488K, used 9387K [0x00000000d5580000, 0x00000000e0f80000, 0x0000000100000000)
  eden space 116736K, 0% used [0x00000000d5580000,0x00000000d5580000,0x00000000dc780000)
  from space 10752K, 87% used [0x00000000dc780000,0x00000000dd0aaf08,0x00000000dd200000)
  to   space 11264K, 0% used [0x00000000e0480000,0x00000000e0480000,0x00000000e0f80000)
 ParOldGen       total 56320K, used 10586K [0x0000000080000000, 0x0000000083700000, 0x00000000d5580000)
  object space 56320K, 18% used [0x0000000080000000,0x0000000080a569b0,0x0000000083700000)
 Metaspace       used 34660K, capacity 35354K, committed 35416K, reserved 1079296K
  class space    used 4899K, capacity 5088K, committed 5120K, reserved 1048576K
}
Event: 7.282 GC heap before
{Heap before GC invocations=11 (full 2):
 PSYoungGen      total 127488K, used 9387K [0x00000000d5580000, 0x00000000e0f80000, 0x0000000100000000)
  eden space 116736K, 0% used [0x00000000d5580000,0x00000000d5580000,0x00000000dc780000)
  from space 10752K, 87% used [0x00000000dc780000,0x00000000dd0aaf08,0x00000000dd200000)
  to   space 11264K, 0% used [0x00000000e0480000,0x00000000e0480000,0x00000000e0f80000)
 ParOldGen       total 56320K, used 10586K [0x0000000080000000, 0x0000000083700000, 0x00000000d5580000)
  object space 56320K, 18% used [0x0000000080000000,0x0000000080a569b0,0x0000000083700000)
 Metaspace       used 34660K, capacity 35354K, committed 35416K, reserved 1079296K
  class space    used 4899K, capacity 5088K, committed 5120K, reserved 1048576K
Event: 7.361 GC heap after
Heap after GC invocations=11 (full 2):
 PSYoungGen      total 127488K, used 0K [0x00000000d5580000, 0x00000000e0f80000, 0x0000000100000000)
  eden space 116736K, 0% used [0x00000000d5580000,0x00000000d5580000,0x00000000dc780000)
  from space 10752K, 0% used [0x00000000dc780000,0x00000000dc780000,0x00000000dd200000)
  to   space 11264K, 0% used [0x00000000e0480000,0x00000000e0480000,0x00000000e0f80000)
 ParOldGen       total 56320K, used 16492K [0x0000000080000000, 0x0000000083700000, 0x00000000d5580000)
  object space 56320K, 29% used [0x0000000080000000,0x000000008101b3f0,0x0000000083700000)
 Metaspace       used 34640K, capacity 35288K, committed 35416K, reserved 1079296K
  class space    used 4893K, capacity 5077K, committed 5120K, reserved 1048576K
}
Event: 8.800 GC heap before
{Heap before GC invocations=12 (full 2):
 PSYoungGen      total 127488K, used 116736K [0x00000000d5580000, 0x00000000e0f80000, 0x0000000100000000)
  eden space 116736K, 100% used [0x00000000d5580000,0x00000000dc780000,0x00000000dc780000)
  from space 10752K, 0% used [0x00000000dc780000,0x00000000dc780000,0x00000000dd200000)
  to   space 11264K, 0% used [0x00000000e0480000,0x00000000e0480000,0x00000000e0f80000)
 ParOldGen       total 56320K, used 16492K [0x0000000080000000, 0x0000000083700000, 0x00000000d5580000)
  object space 56320K, 29% used [0x0000000080000000,0x000000008101b3f0,0x0000000083700000)
 Metaspace       used 45586K, capacity 46682K, committed 46848K, reserved 1089536K
  class space    used 6292K, capacity 6610K, committed 6656K, reserved 1048576K
Event: 8.818 GC heap after
Heap after GC invocations=12 (full 2):
 PSYoungGen      total 159232K, used 11235K [0x00000000d5580000, 0x00000000e0f80000, 0x0000000100000000)
  eden space 147968K, 0% used [0x00000000d5580000,0x00000000d5580000,0x00000000de600000)
  from space 11264K, 99% used [0x00000000e0480000,0x00000000e0f78de0,0x00000000e0f80000)
  to   space 13824K, 0% used [0x00000000df480000,0x00000000df480000,0x00000000e0200000)
 ParOldGen       total 56320K, used 20895K [0x0000000080000000, 0x0000000083700000, 0x00000000d5580000)
  object space 56320K, 37% used [0x0000000080000000,0x0000000081467ec8,0x0000000083700000)
 Metaspace       used 45586K, capacity 46682K, committed 46848K, reserved 1089536K
  class space    used 6292K, capacity 6610K, committed 6656K, reserved 1048576K
}

