# JRE version: Java(TM) SE Runtime Environment (8.0_131-b11) (build 1.8.0_131-b11)
# Java VM: Java HotSpot(TM) 64-Bit Server VM (25.131-b11 mixed mode windows-amd64 compressed oops)
Heap:
 PSYoungGen      total 71680K, used 24185K [0x00000000d5580000, 0x00000000da080000, 0x0000000100000000)
  eden space 66560K, 36% used [0x00000000d5580000,0x00000000d6d1e600,0x00000000d9680000)
  from space 5120K, 0% used [0x00000000d9680000,0x00000000d9680000,0x00000000d9b80000)
  to   space 5120K, 0% used [0x00000000d9b80000,0x00000000d9b80000,0x00000000da080000)
 ParOldGen       total 64512K, used 16114K [0x0000000080000000, 0x0000000083f00000, 0x00000000d5580000)
  object space 64512K, 24% used [0x0000000080000000,0x0000000080fbc960,0x0000000083f00000)
 Metaspace       used 37827K, capacity 38636K, committed 38912K, reserved 1083392K
  class space    used 5338K, capacity 5576K, committed 5632K, reserved 1048576K
GC Heap History (10 events):
Event: 5.500 GC heap before
{Heap before GC invocations=5 (full 1):
 PSYoungGen      total 71680K, used 5104K [0x00000000d5580000, 0x00000000da080000, 0x0000000100000000)
  eden space 66560K, 0% used [0x00000000d5580000,0x00000000d5580000,0x00000000d9680000)
  from space 5120K, 99% used [0x00000000d9b80000,0x00000000da07c0d8,0x00000000da080000)
  to   space 5120K, 0% used [0x00000000d9680000,0x00000000d9680000,0x00000000d9b80000)
 ParOldGen       total 87552K, used 11725K [0x0000000080000000, 0x0000000085580000, 0x00000000d5580000)
  object space 87552K, 13% used [0x0000000080000000,0x0000000080b73640,0x0000000085580000)
 Metaspace       used 20588K, capacity 21130K, committed 21248K, reserved 1067008K
  class space    used 3036K, capacity 3219K, committed 3328K, reserved 1048576K
Event: 5.532 GC heap after
Heap after GC invocations=5 (full 1):
 PSYoungGen      total 71680K, used 0K [0x00000000d5580000, 0x00000000da080000, 0x0000000100000000)
  eden space 66560K, 0% used [0x00000000d5580000,0x00000000d5580000,0x00000000d9680000)
  from space 5120K, 0% used [0x00000000d9b80000,0x00000000d9b80000,0x00000000da080000)
  to   space 5120K, 0% used [0x00000000d9680000,0x00000000d9680000,0x00000000d9b80000)
 ParOldGen       total 64512K, used 11494K [0x0000000080000000, 0x0000000083f00000, 0x00000000d5580000)
  object space 64512K, 17% used [0x0000000080000000,0x0000000080b39878,0x0000000083f00000)
 Metaspace       used 20588K, capacity 21130K, committed 21248K, reserved 1067008K
  class space    used 3036K, capacity 3219K, committed 3328K, reserved 1048576K
}
Event: 6.361 GC heap before
{Heap before GC invocations=6 (full 1):
 PSYoungGen      total 71680K, used 66560K [0x00000000d5580000, 0x00000000da080000, 0x0000000100000000)
  eden space 66560K, 100% used [0x00000000d5580000,0x00000000d9680000,0x00000000d9680000)
  from space 5120K, 0% used [0x00000000d9b80000,0x00000000d9b80000,0x00000000da080000)
  to   space 5120K, 0% used [0x00000000d9680000,0x00000000d9680000,0x00000000d9b80000)
 ParOldGen       total 64512K, used 11494K [0x0000000080000000, 0x0000000083f00000, 0x00000000d5580000)
  object space 64512K, 17% used [0x0000000080000000,0x0000000080b39878,0x0000000083f00000)
 Metaspace       used 29127K, capacity 29668K, committed 29824K, reserved 1075200K
  class space    used 4034K, capacity 4198K, committed 4224K, reserved 1048576K
Event: 6.372 GC heap after
Heap after GC invocations=6 (full 1):
 PSYoungGen      total 71680K, used 5094K [0x00000000d5580000, 0x00000000da080000, 0x0000000100000000)
  eden space 66560K, 0% used [0x00000000d5580000,0x00000000d5580000,0x00000000d9680000)
  from space 5120K, 99% used [0x00000000d9680000,0x00000000d9b79aa0,0x00000000d9b80000)
  to   space 5120K, 0% used [0x00000000d9b80000,0x00000000d9b80000,0x00000000da080000)
 ParOldGen       total 64512K, used 14588K [0x0000000080000000, 0x0000000083f00000, 0x00000000d5580000)
  object space 64512K, 22% used [0x0000000080000000,0x0000000080e3f3c0,0x0000000083f00000)
 Metaspace       used 29127K, capacity 29668K, committed 29824K, reserved 1075200K
  class space    used 4034K, capacity 4198K, committed 4224K, reserved 1048576K
}
Event: 6.936 GC heap before
{Heap before GC invocations=7 (full 1):
 PSYoungGen      total 71680K, used 71654K [0x00000000d5580000, 0x00000000da080000, 0x0000000100000000)
  eden space 66560K, 100% used [0x00000000d5580000,0x00000000d9680000,0x00000000d9680000)
  from space 5120K, 99% used [0x00000000d9680000,0x00000000d9b79aa0,0x00000000d9b80000)
  to   space 5120K, 0% used [0x00000000d9b80000,0x00000000d9b80000,0x00000000da080000)
 ParOldGen       total 64512K, used 14588K [0x0000000080000000, 0x0000000083f00000, 0x00000000d5580000)
  object space 64512K, 22% used [0x0000000080000000,0x0000000080e3f3c0,0x0000000083f00000)
 Metaspace       used 32499K, capacity 33058K, committed 33280K, reserved 1077248K
  class space    used 4588K, capacity 4752K, committed 4864K, reserved 1048576K
Event: 6.947 GC heap after
Heap after GC invocations=7 (full 1):
 PSYoungGen      total 71680K, used 5104K [0x00000000d5580000, 0x00000000da080000, 0x0000000100000000)
  eden space 66560K, 0% used [0x00000000d5580000,0x00000000d5580000,0x00000000d9680000)
  from space 5120K, 99% used [0x00000000d9b80000,0x00000000da07c010,0x00000000da080000)
  to   space 5120K, 0% used [0x00000000d9680000,0x00000000d9680000,0x00000000d9b80000)
 ParOldGen       total 64512K, used 18156K [0x0000000080000000, 0x0000000083f00000, 0x00000000d5580000)
  object space 64512K, 28% used [0x0000000080000000,0x00000000811bb348,0x0000000083f00000)
 Metaspace       used 32499K, capacity 33058K, committed 33280K, reserved 1077248K
  class space    used 4588K, capacity 4752K, committed 4864K, reserved 1048576K
}
Event: 7.432 GC heap before
{Heap before GC invocations=8 (full 1):
 PSYoungGen      total 71680K, used 47056K [0x00000000d5580000, 0x00000000da080000, 0x0000000100000000)
  eden space 66560K, 63% used [0x00000000d5580000,0x00000000d7e78350,0x00000000d9680000)
  from space 5120K, 99% used [0x00000000d9b80000,0x00000000da07c010,0x00000000da080000)
  to   space 5120K, 0% used [0x00000000d9680000,0x00000000d9680000,0x00000000d9b80000)
 ParOldGen       total 64512K, used 18156K [0x0000000080000000, 0x0000000083f00000, 0x00000000d5580000)
  object space 64512K, 28% used [0x0000000080000000,0x00000000811bb348,0x0000000083f00000)
 Metaspace       used 34546K, capacity 35332K, committed 35416K, reserved 1079296K
  class space    used 4883K, capacity 5095K, committed 5120K, reserved 1048576K
Event: 7.438 GC heap after
Heap after GC invocations=8 (full 1):
 PSYoungGen      total 71680K, used 5104K [0x00000000d5580000, 0x00000000da080000, 0x0000000100000000)
  eden space 66560K, 0% used [0x00000000d5580000,0x00000000d5580000,0x00000000d9680000)
  from space 5120K, 99% used [0x00000000d9680000,0x00000000d9b7c010,0x00000000d9b80000)
  to   space 5120K, 0% used [0x00000000d9b80000,0x00000000d9b80000,0x00000000da080000)
 ParOldGen       total 64512K, used 21714K [0x0000000080000000, 0x0000000083f00000, 0x00000000d5580000)
  object space 64512K, 33% used [0x0000000080000000,0x00000000815349c0,0x0000000083f00000)
 Metaspace       used 34546K, capacity 35332K, committed 35416K, reserved 1079296K
  class space    used 4883K, capacity 5095K, committed 5120K, reserved 1048576K
}
Event: 7.438 GC heap before
{Heap before GC invocations=9 (full 2):
 PSYoungGen      total 71680K, used 5104K [0x00000000d5580000, 0x00000000da080000, 0x0000000100000000)
  eden space 66560K, 0% used [0x00000000d5580000,0x00000000d5580000,0x00000000d9680000)
  from space 5120K, 99% used [0x00000000d9680000,0x00000000d9b7c010,0x00000000d9b80000)
  to   space 5120K, 0% used [0x00000000d9b80000,0x00000000d9b80000,0x00000000da080000)
 ParOldGen       total 64512K, used 21714K [0x0000000080000000, 0x0000000083f00000, 0x00000000d5580000)
  object space 64512K, 33% used [0x0000000080000000,0x00000000815349c0,0x0000000083f00000)
 Metaspace       used 34546K, capacity 35332K, committed 35416K, reserved 1079296K
  class space    used 4883K, capacity 5095K, committed 5120K, reserved 1048576K
Event: 7.501 GC heap after
Heap after GC invocations=9 (full 2):
 PSYoungGen      total 71680K, used 0K [0x00000000d5580000, 0x00000000da080000, 0x0000000100000000)
  eden space 66560K, 0% used [0x00000000d5580000,0x00000000d5580000,0x00000000d9680000)
  from space 5120K, 0% used [0x00000000d9680000,0x00000000d9680000,0x00000000d9b80000)
  to   space 5120K, 0% used [0x00000000d9b80000,0x00000000d9b80000,0x00000000da080000)
 ParOldGen       total 64512K, used 16114K [0x0000000080000000, 0x0000000083f00000, 0x00000000d5580000)
  object space 64512K, 24% used [0x0000000080000000,0x0000000080fbc960,0x0000000083f00000)
 Metaspace       used 34514K, capacity 35224K, committed 35416K, reserved 1079296K
  class space    used 4873K, capacity 5077K, committed 5120K, reserved 1048576K
}

